<?xml version="1.0" encoding="UTF-8"?>
<!-- Generated by org.testng.reporters.JUnitReportReporter -->
<testsuite skipped="0" hostname="DESKTOP-N60QB27" name="tests.LinkText" tests="1" failures="0" timestamp="2022-12-23T17:17:12 IST" time="21.723" errors="0">
  <testcase name="Test" time="21.723" classname="tests.LinkText"/>
</testsuite> <!-- tests.LinkText -->
