<?xml version="1.0" encoding="UTF-8"?>
<!-- Generated by org.testng.reporters.JUnitReportReporter -->
<testsuite skipped="0" hostname="DESKTOP-N60QB27" name="tests.Ancestor8" tests="1" failures="0" timestamp="2022-12-23T18:34:38 IST" time="9.523" errors="0">
  <testcase name="ancestorTest" time="9.523" classname="tests.Ancestor8"/>
</testsuite> <!-- tests.Ancestor8 -->
