<?xml version="1.0" encoding="UTF-8"?>
<!-- Generated by org.testng.reporters.JUnitReportReporter -->
<testsuite skipped="0" hostname="DESKTOP-N60QB27" name="tests.NotXpath3" tests="1" failures="0" timestamp="2022-12-23T17:11:56 IST" time="26.846" errors="0">
  <testcase name="ancestorTest" time="26.846" classname="tests.NotXpath3"/>
</testsuite> <!-- tests.NotXpath3 -->
