<?xml version="1.0" encoding="UTF-8"?>
<!-- Generated by org.testng.reporters.JUnitReportReporter -->
<testsuite skipped="0" hostname="DESKTOP-N60QB27" name="tests.Ancestor7" tests="1" failures="0" timestamp="2022-12-23T18:30:35 IST" time="6.891" errors="0">
  <testcase name="ancestorTest" time="6.891" classname="tests.Ancestor7"/>
</testsuite> <!-- tests.Ancestor7 -->
