<?xml version="1.0" encoding="UTF-8"?>
<!-- Generated by org.testng.reporters.JUnitReportReporter -->
<testsuite skipped="0" hostname="DESKTOP-N60QB27" name="tests.Descedant" tests="1" failures="0" timestamp="2022-12-23T16:02:46 IST" time="10.967" errors="0">
  <testcase name="ancestorTest" time="10.967" classname="tests.Descedant"/>
</testsuite> <!-- tests.Descedant -->
