<?xml version="1.0" encoding="UTF-8"?>
<!-- Generated by org.testng.reporters.JUnitReportReporter -->
<testsuite skipped="0" hostname="DESKTOP-N60QB27" name="tests.Ancestor9" tests="1" failures="0" timestamp="2022-12-23T18:38:47 IST" time="8.315" errors="0">
  <testcase name="ancestorTest" time="8.315" classname="tests.Ancestor9"/>
</testsuite> <!-- tests.Ancestor9 -->
