<?xml version="1.0" encoding="UTF-8"?>
<!-- Generated by org.testng.reporters.JUnitReportReporter -->
<testsuite skipped="0" hostname="DESKTOP-N60QB27" name="tests.Ancestor" tests="1" failures="0" timestamp="2022-12-23T15:52:16 IST" time="7.898" errors="0">
  <testcase name="ancestorTest" time="7.898" classname="tests.Ancestor"/>
</testsuite> <!-- tests.Ancestor -->
