<?xml version="1.0" encoding="UTF-8"?>
<!-- Generated by org.testng.reporters.JUnitReportReporter -->
<testsuite skipped="0" hostname="DESKTOP-N60QB27" name="tests.NotXpath2" tests="1" failures="0" timestamp="2022-12-23T17:07:21 IST" time="9.748" errors="0">
  <testcase name="ancestorTest" time="9.748" classname="tests.NotXpath2"/>
</testsuite> <!-- tests.NotXpath2 -->
