<?xml version="1.0" encoding="UTF-8"?>
<!-- Generated by org.testng.reporters.JUnitReportReporter -->
<testsuite skipped="0" hostname="DESKTOP-N60QB27" name="tests.Ancestor3" tests="1" failures="0" timestamp="2022-12-23T17:31:43 IST" time="28.606" errors="0">
  <testcase name="ancestorTest" time="28.606" classname="tests.Ancestor3"/>
</testsuite> <!-- tests.Ancestor3 -->
