<?xml version="1.0" encoding="UTF-8"?>
<!-- Generated by org.testng.reporters.JUnitReportReporter -->
<testsuite skipped="0" hostname="DESKTOP-N60QB27" name="tests.Ancestor5" tests="1" failures="0" timestamp="2022-12-23T17:59:56 IST" time="25.812" errors="0">
  <testcase name="ancestorTest" time="25.812" classname="tests.Ancestor5"/>
</testsuite> <!-- tests.Ancestor5 -->
