<?xml version="1.0" encoding="UTF-8"?>
<!-- Generated by org.testng.reporters.JUnitReportReporter -->
<testsuite skipped="0" hostname="DESKTOP-N60QB27" name="tests.PartialLinkText" tests="1" failures="0" timestamp="2022-12-23T17:18:54 IST" time="17.322" errors="0">
  <testcase name="Test" time="17.322" classname="tests.PartialLinkText"/>
</testsuite> <!-- tests.PartialLinkText -->
