<?xml version="1.0" encoding="UTF-8"?>
<!-- Generated by org.testng.reporters.JUnitReportReporter -->
<testsuite skipped="0" hostname="DESKTOP-N60QB27" name="tests.NotXpath" tests="1" failures="0" timestamp="2022-12-23T16:23:45 IST" time="12.301" errors="0">
  <testcase name="ancestorTest" time="12.301" classname="tests.NotXpath"/>
</testsuite> <!-- tests.NotXpath -->
