<?xml version="1.0" encoding="UTF-8"?>
<!-- Generated by org.testng.reporters.JUnitReportReporter -->
<testsuite skipped="0" hostname="DESKTOP-N60QB27" name="tests.Ancestor4" tests="1" failures="0" timestamp="2022-12-23T17:56:38 IST" time="23.544" errors="0">
  <testcase name="ancestorTest" time="23.544" classname="tests.Ancestor4"/>
</testsuite> <!-- tests.Ancestor4 -->
