<?xml version="1.0" encoding="UTF-8"?>
<!-- Generated by org.testng.reporters.JUnitReportReporter -->
<testsuite skipped="0" hostname="DESKTOP-N60QB27" name="tests.Locator1" tests="1" failures="0" timestamp="2022-12-23T18:45:42 IST" time="8.741" errors="0">
  <testcase name="ancestorTest" time="8.741" classname="tests.Locator1"/>
</testsuite> <!-- tests.Locator1 -->
